<?xml version="1.0" encoding="UTF-8"?>
<!-- Generated by org.testng.reporters.JUnitXMLReporter -->
<testsuite ignored="1" hostname="LAPTOP-58KVVUOH" failures="1" tests="1" name="Default test(failed)" time="5.398" errors="0" timestamp="2024-03-12T10:35:38 IST">
  <testcase classname="com.testPack.SampleProject4.TestNGClass" name="verifyTitle" time="0.033">
    <failure type="java.lang.AssertionError" message="expected [Google] but found [Gooogel]">
      <![CDATA[java.lang.AssertionError: expected [Google] but found [Gooogel]
at com.testPack.SampleProject4.TestNGClass.verifyTitle(TestNGClass.java:32)
at java.base/java.util.ArrayList.forEach(ArrayList.java:1511)
... Removed 33 stack frames]]>
    </failure>
  </testcase> <!-- verifyTitle -->
  <testcase classname="com.testPack.SampleProject4.TestNGClass" name="verifyURL" time="0.0">
    <ignored/>
  </testcase> <!-- verifyURL -->
</testsuite> <!-- Default test(failed) -->
