<?xml version="1.0" encoding="UTF-8"?>
<!-- Generated by org.testng.reporters.JUnitXMLReporter -->
<testsuite ignored="1" hostname="LAPTOP-58KVVUOH" failures="0" tests="2" name="Test" time="8.646" errors="0" timestamp="2024-03-21T14:23:01 IST">
  <testcase classname="com.testPack.SampleProject4.GoogleHomePage" name="enterTextToSearch" time="4.194"/>
  <testcase classname="com.testPack.SampleProject4.GoogleHomePage" name="verifyImagesLink" time="0.002"/>
  <testcase classname="com.testPack.SampleProject4.GoogleHomePage" name="verifyGmailLink" time="0.0">
    <ignored/>
  </testcase> <!-- verifyGmailLink -->
</testsuite> <!-- Test -->
