<?xml version="1.0" encoding="UTF-8"?>
<testng-results ignored="0" total="1" passed="1" failed="0" skipped="0">
  <reporter-output>
  </reporter-output>
  <suite started-at="2024-04-05T04:20:25 IST" name="Default suite" finished-at="2024-04-05T04:20:36 IST" duration-ms="11387">
    <groups>
    </groups>
    <test started-at="2024-04-05T04:20:25 IST" name="Default test" finished-at="2024-04-05T04:20:36 IST" duration-ms="11387">
      <class name="com.testPack.SampleProject4.GoogleHomePage">
        <test-method is-config="true" signature="driverSetUp()[pri:0, instance:com.testPack.SampleProject4.GoogleHomePage@1ed6388a]" started-at="2024-04-05T04:20:25 IST" name="driverSetUp" finished-at="2024-04-05T04:20:32 IST" duration-ms="6770" status="PASS">
          <reporter-output>
          </reporter-output>
        </test-method> <!-- driverSetUp -->
        <test-method signature="zipwheels()[pri:0, instance:com.testPack.SampleProject4.GoogleHomePage@1ed6388a]" started-at="2024-04-05T04:20:32 IST" name="zipwheels" finished-at="2024-04-05T04:20:36 IST" duration-ms="4568" status="PASS">
          <reporter-output>
          </reporter-output>
        </test-method> <!-- zipwheels -->
        <test-method is-config="true" signature="tearDown()[pri:0, instance:com.testPack.SampleProject4.GoogleHomePage@1ed6388a]" started-at="2024-04-05T04:20:36 IST" name="tearDown" finished-at="2024-04-05T04:20:36 IST" duration-ms="0" status="PASS">
          <reporter-output>
          </reporter-output>
        </test-method> <!-- tearDown -->
      </class> <!-- com.testPack.SampleProject4.GoogleHomePage -->
    </test> <!-- Default test -->
  </suite> <!-- Default suite -->
</testng-results>
